

Microchip MPLAB XC8 Assembler V2.32 build 20210201212658 
                                                                                               Tue Feb 01 10:52:23 2022

Microchip MPLAB XC8 C Compiler v2.32 (Free license) build 20210201212658 Og9 
     1                           	processor	18F4550
     2                           	fnconf	rparam,??,?,0
     3                           	pagewidth 120
     4                           	opt	flic
     5                           	psect	cinit,global,reloc=2,class=CODE,delta=1
     6                           	psect	cstackCOMRAM,global,class=COMRAM,space=1,delta=1,lowdata,noexec
     7                           	psect	text0,global,reloc=2,class=CODE,delta=1
     8                           	psect	text1,global,reloc=2,class=CODE,delta=1
     9                           	psect	text2,global,reloc=2,class=CODE,delta=1
    10                           	psect	text3,global,reloc=2,class=CODE,delta=1
    11                           	psect	text4,global,reloc=2,class=CODE,delta=1
    12                           	psect	text5,global,reloc=2,class=CODE,delta=1
    13                           	psect	intsave_regs,global,class=BIGRAM,space=1,delta=1,noexec
    14                           	psect	rparam,global,class=COMRAM,space=1,delta=1,noexec
    15                           	psect	idloc,global,abs,ovrld,class=IDLOC,space=5,delta=1,noexec
    16                           	psect	config,global,abs,ovrld,class=CONFIG,space=4,delta=1,noexec
    17  0000                     
    18                           ; Version 2.32
    19                           ; Generated 02/02/2021 GMT
    20                           ; 
    21                           ; Copyright © 2021, Microchip Technology Inc. and its subsidiaries ("Microchip")
    22                           ; All rights reserved.
    23                           ; 
    24                           ; This software is developed by Microchip Technology Inc. and its subsidiaries ("Microch
      +                          ip").
    25                           ; 
    26                           ; Redistribution and use in source and binary forms, with or without modification, are
    27                           ; permitted provided that the following conditions are met:
    28                           ; 
    29                           ;     1. Redistributions of source code must retain the above copyright notice, this lis
      +                          t of
    30                           ;        conditions and the following disclaimer.
    31                           ; 
    32                           ;     2. Redistributions in binary form must reproduce the above copyright notice, this 
      +                          list
    33                           ;        of conditions and the following disclaimer in the documentation and/or other
    34                           ;        materials provided with the distribution. Publication is not required when
    35                           ;        this file is used in an embedded application.
    36                           ; 
    37                           ;     3. Microchip's name may not be used to endorse or promote products derived from th
      +                          is
    38                           ;        software without specific prior written permission.
    39                           ; 
    40                           ; THIS SOFTWARE IS PROVIDED BY MICROCHIP "AS IS" AND ANY EXPRESS OR IMPLIED WARRANTIES,
    41                           ; INCLUDING, BUT NOT LIMITED TO, THE IMPLIED WARRANTIES OF MERCHANTABILITY AND FITNESS F
      +                          OR
    42                           ; PURPOSE ARE DISCLAIMED.  IN NO EVENT SHALL MICROCHIP BE LIABLE FOR ANY DIRECT, INDIREC
      +                          T,
    43                           ; INCIDENTAL, SPECIAL, EXEMPLARY, OR CONSEQUENTIAL DAMAGES (INCLUDING BUT NOT LIMITED TO
    44                           ; PROCUREMENT OF SUBSTITUTE GOODS OR SERVICES; LOSS OF USE, DATA OR PROFITS; OR BUSINESS
    45                           ; INTERRUPTION) HOWSOEVER CAUSED AND ON ANY THEORY OF LIABILITY, WHETHER IN CONTRACT, ST
      +                          RICT
    46                           ; LIABILITY, OR TORT (INCLUDING NEGLIGENCE OR OTHERWISE) ARISING IN ANY WAY OUT OF THE U
      +                          SE OF
    47                           ; THIS SOFTWARE, EVEN IF ADVISED OF THE POSSIBILITY OF SUCH DAMAGE.
    48                           ; 
    49                           ; 
    50                           ; Code-generator required, PIC18F4550 Definitions
    51                           ; 
    52                           ; SFR Addresses
    53  0000                     _SSPBUF	set	4041
    54  0000                     _PIR1	set	3998
    55  0000                     _SSPADD	set	4040
    56  0000                     _SSPSTAT	set	4039
    57  0000                     _SSPCON2	set	4037
    58  0000                     _SSPCON1	set	4038
    59  0000                     _LATD	set	3980
    60  0000                     _TRISD	set	3989
    61  0000                     _RCEN	set	32299
    62  0000                     _SSPIF	set	31987
    63  0000                     _RSEN	set	32297
    64  0000                     _PEN	set	32298
    65  0000                     _SEN	set	32296
    66                           
    67                           ; #config settings
    68                           
    69                           	psect	cinit
    70  007EFA                     __pcinit:
    71                           	callstack 0
    72  007EFA                     start_initialization:
    73                           	callstack 0
    74  007EFA                     __initialization:
    75                           	callstack 0
    76  007EFA                     end_of_initialization:
    77                           	callstack 0
    78  007EFA                     __end_of__initialization:
    79                           	callstack 0
    80  007EFA  0100               	movlb	0
    81  007EFC  EFC1  F03F         	goto	_main	;jump to C main() function
    82                           
    83                           	psect	cstackCOMRAM
    84  000001                     __pcstackCOMRAM:
    85                           	callstack 0
    86  000001                     EnvioDato@Registro:
    87                           	callstack 0
    88  000001                     LecturaDato@Registro:
    89                           	callstack 0
    90                           
    91                           ; 1 bytes @ 0x0
    92  000001                     	ds	1
    93  000002                     EnvioDato@Dato:
    94                           	callstack 0
    95  000002                     LecturaDato@Direccion:
    96                           	callstack 0
    97                           
    98                           ; 1 bytes @ 0x1
    99  000002                     	ds	1
   100  000003                     EnvioDato@Direccion:
   101                           	callstack 0
   102                           
   103                           ; 1 bytes @ 0x2
   104  000003                     	ds	1
   105  000004                     ??_main:
   106                           
   107                           ; 1 bytes @ 0x3
   108  000004                     	ds	2
   109  000006                     main@i:
   110                           	callstack 0
   111                           
   112                           ; 1 bytes @ 0x5
   113  000006                     	ds	1
   114                           
   115 ;;
   116 ;;Main: autosize = 0, tempsize = 2, incstack = 0, save=0
   117 ;;
   118 ;; *************** function _main *****************
   119 ;; Defined at:
   120 ;;		line 13 in file "PruebaI2C.c"
   121 ;; Parameters:    Size  Location     Type
   122 ;;		None
   123 ;; Auto vars:     Size  Location     Type
   124 ;;  i               1    5[COMRAM] unsigned char 
   125 ;; Return value:  Size  Location     Type
   126 ;;                  1    wreg      void 
   127 ;; Registers used:
   128 ;;		wreg, status,2, status,0, cstack
   129 ;; Tracked objects:
   130 ;;		On entry : 0/0
   131 ;;		On exit  : 0/0
   132 ;;		Unchanged: 0/0
   133 ;; Data sizes:     COMRAM   BANK0   BANK1   BANK2   BANK3   BANK4   BANK5   BANK6   BANK7
   134 ;;      Params:         0       0       0       0       0       0       0       0       0
   135 ;;      Locals:         1       0       0       0       0       0       0       0       0
   136 ;;      Temps:          2       0       0       0       0       0       0       0       0
   137 ;;      Totals:         3       0       0       0       0       0       0       0       0
   138 ;;Total ram usage:        3 bytes
   139 ;; Hardware stack levels required when called: 2
   140 ;; This function calls:
   141 ;;		_EnvioDato
   142 ;;		_LecturaDato
   143 ;; This function is called by:
   144 ;;		Startup code after reset
   145 ;; This function uses a non-reentrant model
   146 ;;
   147                           
   148                           	psect	text0
   149  007F82                     __ptext0:
   150                           	callstack 0
   151  007F82                     _main:
   152                           	callstack 29
   153                           
   154                           ;PruebaI2C.c: 15: TRISD=0;
   155                           
   156                           ;incstack = 0
   157  007F82  0E00               	movlw	0
   158  007F84  6E95               	movwf	149,c	;volatile
   159                           
   160                           ;PruebaI2C.c: 16: LATD=0;
   161  007F86  0E00               	movlw	0
   162  007F88  6E8C               	movwf	140,c	;volatile
   163                           
   164                           ;PruebaI2C.c: 17: SSPCON1=0b00101000;
   165  007F8A  0E28               	movlw	40
   166  007F8C  6EC6               	movwf	198,c	;volatile
   167                           
   168                           ;PruebaI2C.c: 18: SSPCON2=0b00000000;
   169  007F8E  0E00               	movlw	0
   170  007F90  6EC5               	movwf	197,c	;volatile
   171                           
   172                           ;PruebaI2C.c: 19: SSPSTAT=0b11000000;
   173  007F92  0EC0               	movlw	192
   174  007F94  6EC7               	movwf	199,c	;volatile
   175                           
   176                           ;PruebaI2C.c: 20: SSPADD=2;
   177  007F96  0E02               	movlw	2
   178  007F98  6EC8               	movwf	200,c	;volatile
   179                           
   180                           ;PruebaI2C.c: 21: PIR1=0;
   181  007F9A  0E00               	movlw	0
   182  007F9C  6E9E               	movwf	158,c	;volatile
   183  007F9E                     l37:
   184                           
   185                           ;PruebaI2C.c: 23: for(i=0;i<10;i++){
   186  007F9E  0E00               	movlw	0
   187  007FA0  6E06               	movwf	main@i^0,c
   188  007FA2                     l929:
   189                           
   190                           ;PruebaI2C.c: 24: EnvioDato(0xA0,i,10+i);
   191  007FA2  C006  F001         	movff	main@i,EnvioDato@Registro
   192  007FA6  5006               	movf	main@i^0,w,c
   193  007FA8  0F0A               	addlw	10
   194  007FAA  6E02               	movwf	EnvioDato@Dato^0,c
   195  007FAC  0EA0               	movlw	160
   196  007FAE  EC8C  F03F         	call	_EnvioDato
   197                           
   198                           ;PruebaI2C.c: 25: _delay((unsigned long)((1000)*(1000000/4000.0)));
   199  007FB2  0E02               	movlw	2
   200  007FB4  6E05               	movwf	(??_main+1)^0,c
   201  007FB6  0E45               	movlw	69
   202  007FB8  6E04               	movwf	??_main^0,c
   203  007FBA  0EAA               	movlw	170
   204  007FBC                     u227:
   205  007FBC  2EE8               	decfsz	wreg,f,c
   206  007FBE  D7FE               	bra	u227
   207  007FC0  2E04               	decfsz	??_main^0,f,c
   208  007FC2  D7FC               	bra	u227
   209  007FC4  2E05               	decfsz	(??_main+1)^0,f,c
   210  007FC6  D7FA               	bra	u227
   211  007FC8  2A06               	incf	main@i^0,f,c
   212  007FCA  0E09               	movlw	9
   213  007FCC  6406               	cpfsgt	main@i^0,c
   214  007FCE  D7E9               	goto	l929
   215                           
   216                           ;PruebaI2C.c: 26: };PruebaI2C.c: 27: for(i=0;i<10;i++){
   217  007FD0  0E00               	movlw	0
   218  007FD2  6E06               	movwf	main@i^0,c
   219  007FD4                     l943:
   220                           
   221                           ;PruebaI2C.c: 28: LATD=LecturaDato(0xA0,i);
   222  007FD4  C006  F001         	movff	main@i,LecturaDato@Registro
   223  007FD8  0EA0               	movlw	160
   224  007FDA  ECA3  F03F         	call	_LecturaDato
   225  007FDE  6E8C               	movwf	140,c	;volatile
   226                           
   227                           ;PruebaI2C.c: 29: _delay((unsigned long)((1000)*(1000000/4000.0)));
   228  007FE0  0E02               	movlw	2
   229  007FE2  6E05               	movwf	(??_main+1)^0,c
   230  007FE4  0E45               	movlw	69
   231  007FE6  6E04               	movwf	??_main^0,c
   232  007FE8  0EAA               	movlw	170
   233  007FEA                     u237:
   234  007FEA  2EE8               	decfsz	wreg,f,c
   235  007FEC  D7FE               	bra	u237
   236  007FEE  2E04               	decfsz	??_main^0,f,c
   237  007FF0  D7FC               	bra	u237
   238  007FF2  2E05               	decfsz	(??_main+1)^0,f,c
   239  007FF4  D7FA               	bra	u237
   240  007FF6  2A06               	incf	main@i^0,f,c
   241  007FF8  0E09               	movlw	9
   242  007FFA  6406               	cpfsgt	main@i^0,c
   243  007FFC  D7EB               	goto	l943
   244  007FFE  D7CF               	goto	l37
   245  008000                     __end_of_main:
   246                           	callstack 0
   247                           
   248 ;; *************** function _LecturaDato *****************
   249 ;; Defined at:
   250 ;;		line 60 in file "PruebaI2C.c"
   251 ;; Parameters:    Size  Location     Type
   252 ;;  Direccion       1    wreg     unsigned char 
   253 ;;  Registro        1    0[COMRAM] unsigned char 
   254 ;; Auto vars:     Size  Location     Type
   255 ;;  Direccion       1    1[COMRAM] unsigned char 
   256 ;; Return value:  Size  Location     Type
   257 ;;                  1    wreg      unsigned char 
   258 ;; Registers used:
   259 ;;		wreg, status,2, status,0, cstack
   260 ;; Tracked objects:
   261 ;;		On entry : 0/0
   262 ;;		On exit  : 0/0
   263 ;;		Unchanged: 0/0
   264 ;; Data sizes:     COMRAM   BANK0   BANK1   BANK2   BANK3   BANK4   BANK5   BANK6   BANK7
   265 ;;      Params:         1       0       0       0       0       0       0       0       0
   266 ;;      Locals:         1       0       0       0       0       0       0       0       0
   267 ;;      Temps:          0       0       0       0       0       0       0       0       0
   268 ;;      Totals:         2       0       0       0       0       0       0       0       0
   269 ;;Total ram usage:        2 bytes
   270 ;; Hardware stack levels used: 1
   271 ;; Hardware stack levels required when called: 1
   272 ;; This function calls:
   273 ;;		_Rstart
   274 ;;		_Start
   275 ;;		_Stop
   276 ;; This function is called by:
   277 ;;		_main
   278 ;; This function uses a non-reentrant model
   279 ;;
   280                           
   281                           	psect	text1
   282  007F46                     __ptext1:
   283                           	callstack 0
   284  007F46                     _LecturaDato:
   285                           	callstack 29
   286                           
   287                           ;incstack = 0
   288                           ;LecturaDato@Direccion stored from wreg
   289  007F46  6E02               	movwf	LecturaDato@Direccion^0,c
   290                           
   291                           ;PruebaI2C.c: 61: Start();
   292  007F48  EC80  F03F         	call	_Start	;wreg free
   293                           
   294                           ;PruebaI2C.c: 62: SSPBUF=Direccion & 0b11111110;
   295  007F4C  5002               	movf	LecturaDato@Direccion^0,w,c
   296  007F4E  0BFE               	andlw	254
   297  007F50  6EC9               	movwf	201,c	;volatile
   298                           
   299                           ;PruebaI2C.c: 63: SSPIF=0;
   300  007F52  969E               	bcf	3998,3,c	;volatile
   301  007F54                     l77:
   302  007F54  A69E               	btfss	3998,3,c	;volatile
   303  007F56  D7FE               	goto	l77
   304                           
   305                           ;PruebaI2C.c: 65: SSPBUF=Registro;
   306  007F58  C001  FFC9         	movff	LecturaDato@Registro,4041	;volatile
   307                           
   308                           ;PruebaI2C.c: 66: SSPIF=0;
   309  007F5C  969E               	bcf	3998,3,c	;volatile
   310  007F5E                     l80:
   311  007F5E  A69E               	btfss	3998,3,c	;volatile
   312  007F60  D7FE               	goto	l80
   313                           
   314                           ;PruebaI2C.c: 68: Rstart();
   315  007F62  EC88  F03F         	call	_Rstart	;wreg free
   316                           
   317                           ;PruebaI2C.c: 69: SSPBUF=Direccion | 0b00000001;
   318  007F66  5002               	movf	LecturaDato@Direccion^0,w,c
   319  007F68  0901               	iorlw	1
   320  007F6A  6EC9               	movwf	201,c	;volatile
   321                           
   322                           ;PruebaI2C.c: 70: SSPIF=0;
   323  007F6C  969E               	bcf	3998,3,c	;volatile
   324  007F6E                     l83:
   325  007F6E  A69E               	btfss	3998,3,c	;volatile
   326  007F70  D7FE               	goto	l83
   327                           
   328                           ;PruebaI2C.c: 72: RCEN=1;
   329  007F72  86C5               	bsf	4037,3,c	;volatile
   330                           
   331                           ;PruebaI2C.c: 73: SSPIF=0;
   332  007F74  969E               	bcf	3998,3,c	;volatile
   333  007F76                     l86:
   334  007F76  A69E               	btfss	3998,3,c	;volatile
   335  007F78  D7FE               	goto	l86
   336                           
   337                           ;PruebaI2C.c: 75: Stop();
   338  007F7A  EC84  F03F         	call	_Stop	;wreg free
   339                           
   340                           ;PruebaI2C.c: 76: return SSPBUF;
   341  007F7E  50C9               	movf	201,w,c	;volatile
   342  007F80  0012               	return		;funcret
   343  007F82                     __end_of_LecturaDato:
   344                           	callstack 0
   345                           
   346 ;; *************** function _Rstart *****************
   347 ;; Defined at:
   348 ;;		line 42 in file "PruebaI2C.c"
   349 ;; Parameters:    Size  Location     Type
   350 ;;		None
   351 ;; Auto vars:     Size  Location     Type
   352 ;;		None
   353 ;; Return value:  Size  Location     Type
   354 ;;                  1    wreg      void 
   355 ;; Registers used:
   356 ;;		None
   357 ;; Tracked objects:
   358 ;;		On entry : 0/0
   359 ;;		On exit  : 0/0
   360 ;;		Unchanged: 0/0
   361 ;; Data sizes:     COMRAM   BANK0   BANK1   BANK2   BANK3   BANK4   BANK5   BANK6   BANK7
   362 ;;      Params:         0       0       0       0       0       0       0       0       0
   363 ;;      Locals:         0       0       0       0       0       0       0       0       0
   364 ;;      Temps:          0       0       0       0       0       0       0       0       0
   365 ;;      Totals:         0       0       0       0       0       0       0       0       0
   366 ;;Total ram usage:        0 bytes
   367 ;; Hardware stack levels used: 1
   368 ;; This function calls:
   369 ;;		Nothing
   370 ;; This function is called by:
   371 ;;		_LecturaDato
   372 ;; This function uses a non-reentrant model
   373 ;;
   374                           
   375                           	psect	text2
   376  007F10                     __ptext2:
   377                           	callstack 0
   378  007F10                     _Rstart:
   379                           	callstack 29
   380                           
   381                           ;PruebaI2C.c: 43: RSEN=1;
   382                           
   383                           ;incstack = 0
   384  007F10  82C5               	bsf	4037,1,c	;volatile
   385  007F12                     l59:
   386  007F12  A2C5               	btfss	4037,1,c	;volatile
   387  007F14  0012               	return	
   388  007F16  D7FD               	goto	l59
   389  007F18                     __end_of_Rstart:
   390                           	callstack 0
   391                           
   392 ;; *************** function _EnvioDato *****************
   393 ;; Defined at:
   394 ;;		line 46 in file "PruebaI2C.c"
   395 ;; Parameters:    Size  Location     Type
   396 ;;  Direccion       1    wreg     unsigned char 
   397 ;;  Registro        1    0[COMRAM] unsigned char 
   398 ;;  Dato            1    1[COMRAM] unsigned char 
   399 ;; Auto vars:     Size  Location     Type
   400 ;;  Direccion       1    2[COMRAM] unsigned char 
   401 ;; Return value:  Size  Location     Type
   402 ;;                  1    wreg      void 
   403 ;; Registers used:
   404 ;;		wreg, status,2, status,0, cstack
   405 ;; Tracked objects:
   406 ;;		On entry : 0/0
   407 ;;		On exit  : 0/0
   408 ;;		Unchanged: 0/0
   409 ;; Data sizes:     COMRAM   BANK0   BANK1   BANK2   BANK3   BANK4   BANK5   BANK6   BANK7
   410 ;;      Params:         2       0       0       0       0       0       0       0       0
   411 ;;      Locals:         1       0       0       0       0       0       0       0       0
   412 ;;      Temps:          0       0       0       0       0       0       0       0       0
   413 ;;      Totals:         3       0       0       0       0       0       0       0       0
   414 ;;Total ram usage:        3 bytes
   415 ;; Hardware stack levels used: 1
   416 ;; Hardware stack levels required when called: 1
   417 ;; This function calls:
   418 ;;		_Start
   419 ;;		_Stop
   420 ;; This function is called by:
   421 ;;		_main
   422 ;; This function uses a non-reentrant model
   423 ;;
   424                           
   425                           	psect	text3
   426  007F18                     __ptext3:
   427                           	callstack 0
   428  007F18                     _EnvioDato:
   429                           	callstack 29
   430                           
   431                           ;incstack = 0
   432                           ;EnvioDato@Direccion stored from wreg
   433  007F18  6E03               	movwf	EnvioDato@Direccion^0,c
   434                           
   435                           ;PruebaI2C.c: 47: Start();
   436  007F1A  EC80  F03F         	call	_Start	;wreg free
   437                           
   438                           ;PruebaI2C.c: 48: SSPBUF=Direccion & 0b11111110;
   439  007F1E  5003               	movf	EnvioDato@Direccion^0,w,c
   440  007F20  0BFE               	andlw	254
   441  007F22  6EC9               	movwf	201,c	;volatile
   442                           
   443                           ;PruebaI2C.c: 49: SSPIF=0;
   444  007F24  969E               	bcf	3998,3,c	;volatile
   445  007F26                     l65:
   446  007F26  A69E               	btfss	3998,3,c	;volatile
   447  007F28  D7FE               	goto	l65
   448                           
   449                           ;PruebaI2C.c: 51: SSPBUF=Registro;
   450  007F2A  C001  FFC9         	movff	EnvioDato@Registro,4041	;volatile
   451                           
   452                           ;PruebaI2C.c: 52: SSPIF=0;
   453  007F2E  969E               	bcf	3998,3,c	;volatile
   454  007F30                     l68:
   455  007F30  A69E               	btfss	3998,3,c	;volatile
   456  007F32  D7FE               	goto	l68
   457                           
   458                           ;PruebaI2C.c: 54: SSPBUF=Dato;
   459  007F34  C002  FFC9         	movff	EnvioDato@Dato,4041	;volatile
   460                           
   461                           ;PruebaI2C.c: 55: SSPIF=0;
   462  007F38  969E               	bcf	3998,3,c	;volatile
   463  007F3A                     l71:
   464  007F3A  A69E               	btfss	3998,3,c	;volatile
   465  007F3C  D7FE               	goto	l71
   466                           
   467                           ;PruebaI2C.c: 57: SSPIF=0;
   468  007F3E  969E               	bcf	3998,3,c	;volatile
   469                           
   470                           ;PruebaI2C.c: 58: Stop();
   471  007F40  EC84  F03F         	call	_Stop	;wreg free
   472  007F44  0012               	return		;funcret
   473  007F46                     __end_of_EnvioDato:
   474                           	callstack 0
   475                           
   476 ;; *************** function _Stop *****************
   477 ;; Defined at:
   478 ;;		line 38 in file "PruebaI2C.c"
   479 ;; Parameters:    Size  Location     Type
   480 ;;		None
   481 ;; Auto vars:     Size  Location     Type
   482 ;;		None
   483 ;; Return value:  Size  Location     Type
   484 ;;                  1    wreg      void 
   485 ;; Registers used:
   486 ;;		None
   487 ;; Tracked objects:
   488 ;;		On entry : 0/0
   489 ;;		On exit  : 0/0
   490 ;;		Unchanged: 0/0
   491 ;; Data sizes:     COMRAM   BANK0   BANK1   BANK2   BANK3   BANK4   BANK5   BANK6   BANK7
   492 ;;      Params:         0       0       0       0       0       0       0       0       0
   493 ;;      Locals:         0       0       0       0       0       0       0       0       0
   494 ;;      Temps:          0       0       0       0       0       0       0       0       0
   495 ;;      Totals:         0       0       0       0       0       0       0       0       0
   496 ;;Total ram usage:        0 bytes
   497 ;; Hardware stack levels used: 1
   498 ;; This function calls:
   499 ;;		Nothing
   500 ;; This function is called by:
   501 ;;		_EnvioDato
   502 ;;		_LecturaDato
   503 ;; This function uses a non-reentrant model
   504 ;;
   505                           
   506                           	psect	text4
   507  007F08                     __ptext4:
   508                           	callstack 0
   509  007F08                     _Stop:
   510                           	callstack 29
   511                           
   512                           ;PruebaI2C.c: 39: PEN=1;
   513                           
   514                           ;incstack = 0
   515  007F08  84C5               	bsf	4037,2,c	;volatile
   516  007F0A                     l53:
   517  007F0A  A4C5               	btfss	4037,2,c	;volatile
   518  007F0C  0012               	return	
   519  007F0E  D7FD               	goto	l53
   520  007F10                     __end_of_Stop:
   521                           	callstack 0
   522                           
   523 ;; *************** function _Start *****************
   524 ;; Defined at:
   525 ;;		line 34 in file "PruebaI2C.c"
   526 ;; Parameters:    Size  Location     Type
   527 ;;		None
   528 ;; Auto vars:     Size  Location     Type
   529 ;;		None
   530 ;; Return value:  Size  Location     Type
   531 ;;                  1    wreg      void 
   532 ;; Registers used:
   533 ;;		None
   534 ;; Tracked objects:
   535 ;;		On entry : 0/0
   536 ;;		On exit  : 0/0
   537 ;;		Unchanged: 0/0
   538 ;; Data sizes:     COMRAM   BANK0   BANK1   BANK2   BANK3   BANK4   BANK5   BANK6   BANK7
   539 ;;      Params:         0       0       0       0       0       0       0       0       0
   540 ;;      Locals:         0       0       0       0       0       0       0       0       0
   541 ;;      Temps:          0       0       0       0       0       0       0       0       0
   542 ;;      Totals:         0       0       0       0       0       0       0       0       0
   543 ;;Total ram usage:        0 bytes
   544 ;; Hardware stack levels used: 1
   545 ;; This function calls:
   546 ;;		Nothing
   547 ;; This function is called by:
   548 ;;		_EnvioDato
   549 ;;		_LecturaDato
   550 ;; This function uses a non-reentrant model
   551 ;;
   552                           
   553                           	psect	text5
   554  007F00                     __ptext5:
   555                           	callstack 0
   556  007F00                     _Start:
   557                           	callstack 29
   558                           
   559                           ;PruebaI2C.c: 35: SEN=1;
   560                           
   561                           ;incstack = 0
   562  007F00  80C5               	bsf	4037,0,c	;volatile
   563  007F02                     l47:
   564  007F02  A0C5               	btfss	4037,0,c	;volatile
   565  007F04  0012               	return	
   566  007F06  D7FD               	goto	l47
   567  007F08                     __end_of_Start:
   568                           	callstack 0
   569  0000                     
   570                           	psect	rparam
   571  0000                     
   572                           	psect	idloc
   573                           
   574                           ;Config register IDLOC0 @ 0x200000
   575                           ;	unspecified, using default values
   576  200000                     	org	2097152
   577  200000  FF                 	db	255
   578                           
   579                           ;Config register IDLOC1 @ 0x200001
   580                           ;	unspecified, using default values
   581  200001                     	org	2097153
   582  200001  FF                 	db	255
   583                           
   584                           ;Config register IDLOC2 @ 0x200002
   585                           ;	unspecified, using default values
   586  200002                     	org	2097154
   587  200002  FF                 	db	255
   588                           
   589                           ;Config register IDLOC3 @ 0x200003
   590                           ;	unspecified, using default values
   591  200003                     	org	2097155
   592  200003  FF                 	db	255
   593                           
   594                           ;Config register IDLOC4 @ 0x200004
   595                           ;	unspecified, using default values
   596  200004                     	org	2097156
   597  200004  FF                 	db	255
   598                           
   599                           ;Config register IDLOC5 @ 0x200005
   600                           ;	unspecified, using default values
   601  200005                     	org	2097157
   602  200005  FF                 	db	255
   603                           
   604                           ;Config register IDLOC6 @ 0x200006
   605                           ;	unspecified, using default values
   606  200006                     	org	2097158
   607  200006  FF                 	db	255
   608                           
   609                           ;Config register IDLOC7 @ 0x200007
   610                           ;	unspecified, using default values
   611  200007                     	org	2097159
   612  200007  FF                 	db	255
   613                           
   614                           	psect	config
   615                           
   616                           ;Config register CONFIG1L @ 0x300000
   617                           ;	unspecified, using default values
   618                           ;	PLL Prescaler Selection bits
   619                           ;	PLLDIV = 0x0, unprogrammed default
   620                           ;	System Clock Postscaler Selection bits
   621                           ;	CPUDIV = 0x0, unprogrammed default
   622                           ;	USB Clock Selection bit (used in Full-Speed USB mode only; UCFG:FSEN = 1)
   623                           ;	USBDIV = 0x0, unprogrammed default
   624  300000                     	org	3145728
   625  300000  00                 	db	0
   626                           
   627                           ;Config register CONFIG1H @ 0x300001
   628                           ;	Oscillator Selection bits
   629                           ;	FOSC = INTOSC_EC, Internal oscillator, CLKO function on RA6, EC used by USB (INTCKO)
   630                           ;	Fail-Safe Clock Monitor Enable bit
   631                           ;	FCMEN = 0x0, unprogrammed default
   632                           ;	Internal/External Oscillator Switchover bit
   633                           ;	IESO = 0x0, unprogrammed default
   634  300001                     	org	3145729
   635  300001  09                 	db	9
   636                           
   637                           ;Config register CONFIG2L @ 0x300002
   638                           ;	unspecified, using default values
   639                           ;	Power-up Timer Enable bit
   640                           ;	PWRT = 0x1, unprogrammed default
   641                           ;	Brown-out Reset Enable bits
   642                           ;	BOR = 0x3, unprogrammed default
   643                           ;	Brown-out Reset Voltage bits
   644                           ;	BORV = 0x3, unprogrammed default
   645                           ;	USB Voltage Regulator Enable bit
   646                           ;	VREGEN = 0x0, unprogrammed default
   647  300002                     	org	3145730
   648  300002  1F                 	db	31
   649                           
   650                           ;Config register CONFIG2H @ 0x300003
   651                           ;	Watchdog Timer Enable bit
   652                           ;	WDT = OFF, WDT disabled (control is placed on the SWDTEN bit)
   653                           ;	Watchdog Timer Postscale Select bits
   654                           ;	WDTPS = 0xF, unprogrammed default
   655  300003                     	org	3145731
   656  300003  1E                 	db	30
   657                           
   658                           ; Padding undefined space
   659  300004                     	org	3145732
   660  300004  FF                 	db	255
   661                           
   662                           ;Config register CONFIG3H @ 0x300005
   663                           ;	CCP2 MUX bit
   664                           ;	CCP2MX = 0x1, unprogrammed default
   665                           ;	PORTB A/D Enable bit
   666                           ;	PBADEN = OFF, PORTB<4:0> pins are configured as digital I/O on Reset
   667                           ;	Low-Power Timer 1 Oscillator Enable bit
   668                           ;	LPT1OSC = 0x0, unprogrammed default
   669                           ;	MCLR Pin Enable bit
   670                           ;	MCLRE = 0x1, unprogrammed default
   671  300005                     	org	3145733
   672  300005  81                 	db	129
   673                           
   674                           ;Config register CONFIG4L @ 0x300006
   675                           ;	unspecified, using default values
   676                           ;	Stack Full/Underflow Reset Enable bit
   677                           ;	STVREN = 0x1, unprogrammed default
   678                           ;	Single-Supply ICSP Enable bit
   679                           ;	LVP = 0x1, unprogrammed default
   680                           ;	Dedicated In-Circuit Debug/Programming Port (ICPORT) Enable bit
   681                           ;	ICPRT = 0x0, unprogrammed default
   682                           ;	Extended Instruction Set Enable bit
   683                           ;	XINST = 0x0, unprogrammed default
   684                           ;	Background Debugger Enable bit
   685                           ;	DEBUG = 0x1, unprogrammed default
   686  300006                     	org	3145734
   687  300006  85                 	db	133
   688                           
   689                           ; Padding undefined space
   690  300007                     	org	3145735
   691  300007  FF                 	db	255
   692                           
   693                           ;Config register CONFIG5L @ 0x300008
   694                           ;	unspecified, using default values
   695                           ;	Code Protection bit
   696                           ;	CP0 = 0x1, unprogrammed default
   697                           ;	Code Protection bit
   698                           ;	CP1 = 0x1, unprogrammed default
   699                           ;	Code Protection bit
   700                           ;	CP2 = 0x1, unprogrammed default
   701                           ;	Code Protection bit
   702                           ;	CP3 = 0x1, unprogrammed default
   703  300008                     	org	3145736
   704  300008  0F                 	db	15
   705                           
   706                           ;Config register CONFIG5H @ 0x300009
   707                           ;	unspecified, using default values
   708                           ;	Boot Block Code Protection bit
   709                           ;	CPB = 0x1, unprogrammed default
   710                           ;	Data EEPROM Code Protection bit
   711                           ;	CPD = 0x1, unprogrammed default
   712  300009                     	org	3145737
   713  300009  C0                 	db	192
   714                           
   715                           ;Config register CONFIG6L @ 0x30000A
   716                           ;	unspecified, using default values
   717                           ;	Write Protection bit
   718                           ;	WRT0 = 0x1, unprogrammed default
   719                           ;	Write Protection bit
   720                           ;	WRT1 = 0x1, unprogrammed default
   721                           ;	Write Protection bit
   722                           ;	WRT2 = 0x1, unprogrammed default
   723                           ;	Write Protection bit
   724                           ;	WRT3 = 0x1, unprogrammed default
   725  30000A                     	org	3145738
   726  30000A  0F                 	db	15
   727                           
   728                           ;Config register CONFIG6H @ 0x30000B
   729                           ;	unspecified, using default values
   730                           ;	Configuration Register Write Protection bit
   731                           ;	WRTC = 0x1, unprogrammed default
   732                           ;	Boot Block Write Protection bit
   733                           ;	WRTB = 0x1, unprogrammed default
   734                           ;	Data EEPROM Write Protection bit
   735                           ;	WRTD = 0x1, unprogrammed default
   736  30000B                     	org	3145739
   737  30000B  E0                 	db	224
   738                           
   739                           ;Config register CONFIG7L @ 0x30000C
   740                           ;	unspecified, using default values
   741                           ;	Table Read Protection bit
   742                           ;	EBTR0 = 0x1, unprogrammed default
   743                           ;	Table Read Protection bit
   744                           ;	EBTR1 = 0x1, unprogrammed default
   745                           ;	Table Read Protection bit
   746                           ;	EBTR2 = 0x1, unprogrammed default
   747                           ;	Table Read Protection bit
   748                           ;	EBTR3 = 0x1, unprogrammed default
   749  30000C                     	org	3145740
   750  30000C  0F                 	db	15
   751                           
   752                           ;Config register CONFIG7H @ 0x30000D
   753                           ;	unspecified, using default values
   754                           ;	Boot Block Table Read Protection bit
   755                           ;	EBTRB = 0x1, unprogrammed default
   756  30000D                     	org	3145741
   757  30000D  40                 	db	64
   758                           tosu	equ	0xFFF
   759                           tosh	equ	0xFFE
   760                           tosl	equ	0xFFD
   761                           stkptr	equ	0xFFC
   762                           pclatu	equ	0xFFB
   763                           pclath	equ	0xFFA
   764                           pcl	equ	0xFF9
   765                           tblptru	equ	0xFF8
   766                           tblptrh	equ	0xFF7
   767                           tblptrl	equ	0xFF6
   768                           tablat	equ	0xFF5
   769                           prodh	equ	0xFF4
   770                           prodl	equ	0xFF3
   771                           indf0	equ	0xFEF
   772                           postinc0	equ	0xFEE
   773                           postdec0	equ	0xFED
   774                           preinc0	equ	0xFEC
   775                           plusw0	equ	0xFEB
   776                           fsr0h	equ	0xFEA
   777                           fsr0l	equ	0xFE9
   778                           wreg	equ	0xFE8
   779                           indf1	equ	0xFE7
   780                           postinc1	equ	0xFE6
   781                           postdec1	equ	0xFE5
   782                           preinc1	equ	0xFE4
   783                           plusw1	equ	0xFE3
   784                           fsr1h	equ	0xFE2
   785                           fsr1l	equ	0xFE1
   786                           bsr	equ	0xFE0
   787                           indf2	equ	0xFDF
   788                           postinc2	equ	0xFDE
   789                           postdec2	equ	0xFDD
   790                           preinc2	equ	0xFDC
   791                           plusw2	equ	0xFDB
   792                           fsr2h	equ	0xFDA
   793                           fsr2l	equ	0xFD9
   794                           status	equ	0xFD8

Data Sizes:
    Strings     0
    Constant    0
    Data        0
    BSS         0
    Persistent  0
    Stack       0

Auto Spaces:
    Space          Size  Autos    Used
    COMRAM           95      6       6
    BANK0           160      0       0
    BANK1           256      0       0
    BANK2           256      0       0
    BANK3           256      0       0
    BANK4           256      0       0
    BANK5           256      0       0
    BANK6           256      0       0
    BANK7           256      0       0

Pointer List with Targets:

    None.

Critical Paths under _main in COMRAM

    _main->_EnvioDato

Critical Paths under _main in BANK0

    None.

Critical Paths under _main in BANK1

    None.

Critical Paths under _main in BANK2

    None.

Critical Paths under _main in BANK3

    None.

Critical Paths under _main in BANK4

    None.

Critical Paths under _main in BANK5

    None.

Critical Paths under _main in BANK6

    None.

Critical Paths under _main in BANK7

    None.

Call Graph Tables:

 ---------------------------------------------------------------------------------
 (Depth) Function   	        Calls       Base Space   Used Autos Params    Refs
 ---------------------------------------------------------------------------------
 (0) _main                                                 3     3      0     519
                                              3 COMRAM     3     3      0
                          _EnvioDato
                        _LecturaDato
 ---------------------------------------------------------------------------------
 (1) _LecturaDato                                          2     1      1     142
                                              0 COMRAM     2     1      1
                             _Rstart
                              _Start
                               _Stop
 ---------------------------------------------------------------------------------
 (2) _Rstart                                               0     0      0       0
 ---------------------------------------------------------------------------------
 (1) _EnvioDato                                            3     1      2     218
                                              0 COMRAM     3     1      2
                              _Start
                               _Stop
 ---------------------------------------------------------------------------------
 (2) _Stop                                                 0     0      0       0
 ---------------------------------------------------------------------------------
 (2) _Start                                                0     0      0       0
 ---------------------------------------------------------------------------------
 Estimated maximum stack depth 2
 ---------------------------------------------------------------------------------

 Call Graph Graphs:

 _main (ROOT)
   _EnvioDato
     _Start
     _Stop
   _LecturaDato
     _Rstart
     _Start
     _Stop

 Address spaces:
Name               Size   Autos  Total    Cost      Usage
BITCOMRAM           5F      0       0       0        0.0%
EEDATA             100      0       0       0        0.0%
NULL                 0      0       0       0        0.0%
CODE                 0      0       0       0        0.0%
COMRAM              5F      6       6       1        6.3%
STACK                0      0       0       2        0.0%
DATA                 0      0       0       3        0.0%
BITBANK0            A0      0       0       4        0.0%
BANK0               A0      0       0       5        0.0%
BITBANK1           100      0       0       6        0.0%
BANK1              100      0       0       7        0.0%
BITBANK2           100      0       0       8        0.0%
BANK2              100      0       0       9        0.0%
BITBANK3           100      0       0      10        0.0%
BANK3              100      0       0      11        0.0%
BITBANK4           100      0       0      12        0.0%
BANK4              100      0       0      13        0.0%
BITBANK5           100      0       0      14        0.0%
BANK5              100      0       0      15        0.0%
BITBANK6           100      0       0      16        0.0%
BANK6              100      0       0      17        0.0%
BITBANK7           100      0       0      18        0.0%
BANK7              100      0       0      19        0.0%
ABS                  0      0       0      20        0.0%
BIGRAM             7FF      0       0      21        0.0%
BITSFR               0      0       0     200        0.0%
SFR                  0      0       0     200        0.0%


Microchip Technology PIC18 Macro Assembler V2.32 build 20210201212658 
Symbol Table                                                                                   Tue Feb 01 10:52:23 2022

                     l53 7F0A                       l37 7F9E                       l47 7F02  
                     l71 7F3A                       l80 7F5E                       l65 7F26  
                     l59 7F12                       l83 7F6E                       l68 7F30  
                     l77 7F54                       l86 7F76                      l943 7FD4  
                    l929 7FA2                      u227 7FBC                      u237 7FEA  
                    _PEN 007E2A                      _SEN 007E28                      wreg 000FE8  
                   _LATD 000F8C                     _RCEN 007E2B                     _PIR1 000F9E  
                   _RSEN 007E29                     _Stop 7F08            ??_LecturaDato 0002  
                   _main 7F82                     start 0000             ___param_bank 000000  
                  ?_Stop 0001                    ?_main 0001                    _TRISD 000F95  
                  _SSPIF 007CF3                    _Start 7F00                    main@i 0006  
        __initialization 7EFA             __end_of_Stop 7F10      __end_of_LecturaDato 7F82  
           __end_of_main 8000                   ??_Stop 0001                   ??_main 0004  
          __activetblptr 000000                   ?_Start 0001       __size_of_EnvioDato 002E  
                 _SSPADD 000FC8                   _SSPBUF 000FC9                   _Rstart 7F10  
                 isa$std 000001            EnvioDato@Dato 0002               __accesstop 0060  
__end_of__initialization 7EFA              _LecturaDato 7F46            ___rparam_used 000001  
         __pcstackCOMRAM 0001            __end_of_Start 7F08        __end_of_EnvioDato 7F46  
                ??_Start 0001                  ?_Rstart 0001                  _SSPCON1 000FC6  
                _SSPCON2 000FC5                  _SSPSTAT 000FC7      LecturaDato@Registro 0001  
                __Hparam 0000                  __Lparam 0000          __size_of_Rstart 0008  
                __pcinit 7EFA                  __ramtop 0800                  __ptext0 7F82  
                __ptext1 7F46                  __ptext2 7F10                  __ptext3 7F18  
                __ptext4 7F08                  __ptext5 7F00     end_of_initialization 7EFA  
      EnvioDato@Registro 0001             ?_LecturaDato 0001           __end_of_Rstart 7F18  
              _EnvioDato 7F18      start_initialization 7EFA                 ??_Rstart 0001  
             ?_EnvioDato 0001           __size_of_Start 0008     LecturaDato@Direccion 0002  
   __size_of_LecturaDato 003C              ??_EnvioDato 0003                 __Hrparam 0000  
               __Lrparam 0000            __size_of_Stop 0008            __size_of_main 007E  
               isa$xinst 000000       EnvioDato@Direccion 0003  
